2021-03-26 17:38:46:3846 info: POST /api/v1/users/register 200 774.379 ms - 866
2021-03-26 17:48:22:4822 info: POST /api/v1/users/login 200 465.552 ms - 656
2021-03-26 17:48:42:4842 info: POST /api/v1/users/login 400 413.913 ms - 52
2021-03-26 17:48:57:4857 info: POST /api/v1/users/login 200 418.689 ms - 656
2021-03-26 17:50:13:5013 info: POST /api/v1/users/login 200 951.865 ms - 656
2021-03-26 17:50:19:5019 info: POST /api/v1/users/login 400 316.011 ms - 52
2021-03-26 17:50:26:5026 info: POST /api/v1/users/login 200 415.616 ms - 656
2021-03-26 17:53:42:5342 info: GET /api/v1/users/get-profile 400 14.935 ms - 525
2021-03-26 17:53:52:5352 info: GET /api/v1/users/get-profile 401 0.610 ms - 27
2021-03-26 17:53:57:5357 info: GET /api/v1/users/get-profile 400 1.550 ms - 525
2021-03-26 17:54:50:5450 info: POST /api/v1/users/login 200 3336.757 ms - 656
2021-03-26 17:55:29:5529 info: GET /api/v1/users/get-profile 200 331.989 ms - 321
2021-03-26 16:02:17:217 info: POST /api/v1/users/register 200 228.998 ms - 45
2021-03-26 16:02:48:248 info: POST /api/v1/users/register 200 642.038 ms - 873
2021-03-27 11:02:10:210 info: GET / 404 9.548 ms - 139
2021-03-27 13:54:18:5418 info: POST /api/v1/renter/register 404 3.524 ms - 162
2021-03-27 13:55:50:5550 info: POST /api/v1/renter/register 404 0.184 ms - 162
2021-03-27 13:58:22:5822 info: POST /api/v1/renter/register 404 2.344 ms - 162
2021-03-27 14:02:28:228 info: POST /api/v1/renter/register 404 1.681 ms - 162
2021-03-27 14:09:25:925 info: POST /api/v1/users/register 200 291.458 ms - 1605
2021-03-27 14:09:54:954 info: POST /api/v1/renter/register 404 0.436 ms - 162
2021-03-27 16:49:37:4937 info: POST /api/v1/users/register 200 186.090 ms - 1605
2021-03-27 16:51:45:5145 info: POST /api/v1/renter/register 404 0.241 ms - 162
2021-03-27 16:51:56:5156 info: POST /api/v1/users/register 200 1705.736 ms - 868
2021-03-27 16:53:08:538 info: POST /api/v1/rentalCompany/register 404 0.271 ms - 169
2021-03-27 16:53:31:5331 info: POST /api/v1/rental-company/register 404 0.114 ms - 170
2021-03-27 16:53:44:5344 info: POST /api/v1/users/register 200 172.946 ms - 45
2021-03-27 16:54:14:5414 info: POST /api/v1/users/login 200 407.083 ms - 659
2021-03-27 16:54:24:5424 info: POST /api/v1/users/get-profile 404 0.248 ms - 164
2021-03-27 16:54:36:5436 info: GET /api/v1/users/get-profile 401 6.173 ms - 27
2021-03-27 16:55:02:552 info: GET /api/v1/users/get-profile 400 92.491 ms - 2269
2021-03-27 17:02:34:234 info: GET /api/v1/renter/get-profile 400 50.460 ms - 2269
2021-03-27 17:02:50:250 info: POST /api/v1/users/login 404 1.626 ms - 158
2021-03-27 17:03:03:33 info: POST /api/v1/renter/login 200 537.857 ms - 659
2021-03-27 17:04:42:442 info: GET /api/v1/renter/get-profile 400 1.446 ms - 2269
2021-03-27 17:06:36:636 info: POST /api/v1/rental-company/register 200 238.618 ms - 1067
2021-03-27 17:11:03:113 info: POST /api/v1/rental-company/register 200 3723.812 ms - 1067
2021-03-27 17:11:58:1158 info: POST /api/v1/rental-company/register 200 3808.755 ms - 658
2021-03-27 17:43:37:4337 info: POST /api/v1/car/add-car 401 4.811 ms - 40
2021-03-27 17:45:58:4558 info: POST /api/v1/rentalCompany/login 404 3.179 ms - 166
2021-03-27 17:46:12:4612 info: POST /api/v1/rental-company/login 400 244.161 ms - 1068
2021-03-27 17:51:21:5121 info: POST /api/v1/rental-company/login 400 197.424 ms - 52
